Начало пакетного сканирования 10 монет

Запуск: C:\Users\Babos\PycharmProjects\project_cryptoK\.venv\Scripts\python.exe worker.py IXORA
Код возврата: 0
STDOUT: {"name": "IXORA", "spot": ["KCEX", "MEXC", "Gate.io"], "futures": []}

STDERR: 2025-08-21 18:12:11,803 - TradingViewParser - INFO - Инициализация парсера
2025-08-21 18:12:11,804 - TradingViewParser - INFO - Запуск Playwright
2025-08-21 18:12:16,838 - TradingViewParser - INFO - Браузер успешно запущен
2025-08-21 18:12:16,917 - TradingViewParser - INFO - Контекст браузера создан
2025-08-21 18:12:16,953 - TradingViewParser - INFO - Новая страница создана
2025-08-21 18:12:16,953 - TradingViewParser - INFO - Начало парсинга монеты: IXORAUSDT
2025-08-21 18:12:16,953 - TradingVie

Запуск: C:\Users\Babos\PycharmProjects\project_cryptoK\.venv\Scripts\python.exe worker.py LINKE
Код возврата: 0
STDOUT: {"name": "LINKE", "spot": ["MEXC"], "futures": []}

STDERR: 2025-08-21 18:12:22,170 - TradingViewParser - INFO - Инициализация парсера
2025-08-21 18:12:22,170 - TradingViewParser - INFO - Запуск Playwright
2025-08-21 18:12:23,918 - TradingViewParser - INFO - Браузер успешно запущен
2025-08-21 18:12:23,925 - TradingViewParser - INFO - Контекст браузера создан
2025-08-21 18:12:23,956 - TradingViewParser - INFO - Новая страница создана
2025-08-21 18:12:23,956 - TradingViewParser - INFO - Начало парсинга монеты: LINKEUSDT
2025-08-21 18:12:23,956 - TradingVie

Запуск: C:\Users\Babos\PycharmProjects\project_cryptoK\.venv\Scripts\python.exe worker.py METAHERO
Код возврата: 0
STDOUT: {"name": "METAHERO", "spot": ["Gate.io", "MEXC"], "futures": []}

STDERR: 2025-08-21 18:12:28,003 - TradingViewParser - INFO - Инициализация парсера
2025-08-21 18:12:28,003 - TradingViewParser - INFO - Запуск Playwright
2025-08-21 18:12:29,849 - TradingViewParser - INFO - Браузер успешно запущен
2025-08-21 18:12:29,858 - TradingViewParser - INFO - Контекст браузера создан
2025-08-21 18:12:29,887 - TradingViewParser - INFO - Новая страница создана
2025-08-21 18:12:29,887 - TradingViewParser - INFO - Начало парсинга монеты: METAHEROUSDT
2025-08-21 18:12:29,887 - Trading

Запуск: C:\Users\Babos\PycharmProjects\project_cryptoK\.venv\Scripts\python.exe worker.py ARCHA
Код возврата: 0
STDOUT: {"name": "ARCHA", "spot": [], "futures": []}

STDERR: 2025-08-21 18:12:34,346 - TradingViewParser - INFO - Инициализация парсера
2025-08-21 18:12:34,346 - TradingViewParser - INFO - Запуск Playwright
2025-08-21 18:12:36,088 - TradingViewParser - INFO - Браузер успешно запущен
2025-08-21 18:12:36,098 - TradingViewParser - INFO - Контекст браузера создан
2025-08-21 18:12:36,129 - TradingViewParser - INFO - Новая страница создана
2025-08-21 18:12:36,129 - TradingViewParser - INFO - Начало парсинга монеты: ARCHAUSDT
2025-08-21 18:12:36,129 - TradingVie

Запуск: C:\Users\Babos\PycharmProjects\project_cryptoK\.venv\Scripts\python.exe worker.py ASTRAAI
Код возврата: 0
STDOUT: {"name": "ASTRAAI", "spot": ["MEXC"], "futures": []}

STDERR: 2025-08-21 18:12:44,380 - TradingViewParser - INFO - Инициализация парсера
2025-08-21 18:12:44,380 - TradingViewParser - INFO - Запуск Playwright
2025-08-21 18:12:47,557 - TradingViewParser - INFO - Браузер успешно запущен
2025-08-21 18:12:47,571 - TradingViewParser - INFO - Контекст браузера создан
2025-08-21 18:12:47,712 - TradingViewParser - INFO - Новая страница создана
2025-08-21 18:12:47,712 - TradingViewParser - INFO - Начало парсинга монеты: ASTRAAIUSDT
2025-08-21 18:12:47,712 - TradingV

Запуск: C:\Users\Babos\PycharmProjects\project_cryptoK\.venv\Scripts\python.exe worker.py BSX
Код возврата: 0
STDOUT: {"name": "BSX", "spot": ["Gate.io", "MEXC"], "futures": []}

STDERR: 2025-08-21 18:12:53,481 - TradingViewParser - INFO - Инициализация парсера
2025-08-21 18:12:53,482 - TradingViewParser - INFO - Запуск Playwright
2025-08-21 18:12:55,289 - TradingViewParser - INFO - Браузер успешно запущен
2025-08-21 18:12:55,299 - TradingViewParser - INFO - Контекст браузера создан
2025-08-21 18:12:55,333 - TradingViewParser - INFO - Новая страница создана
2025-08-21 18:12:55,333 - TradingViewParser - INFO - Начало парсинга монеты: BSXUSDT
2025-08-21 18:12:55,333 - TradingViewP

Запуск: C:\Users\Babos\PycharmProjects\project_cryptoK\.venv\Scripts\python.exe worker.py WELF
Код возврата: 0
STDOUT: {"name": "WELF", "spot": ["MEXC"], "futures": []}

STDERR: 2025-08-21 18:12:59,550 - TradingViewParser - INFO - Инициализация парсера
2025-08-21 18:12:59,550 - TradingViewParser - INFO - Запуск Playwright
2025-08-21 18:13:01,327 - TradingViewParser - INFO - Браузер успешно запущен
2025-08-21 18:13:01,335 - TradingViewParser - INFO - Контекст браузера создан
2025-08-21 18:13:01,367 - TradingViewParser - INFO - Новая страница создана
2025-08-21 18:13:01,367 - TradingViewParser - INFO - Начало парсинга монеты: WELFUSDT
2025-08-21 18:13:01,367 - TradingView

Запуск: C:\Users\Babos\PycharmProjects\project_cryptoK\.venv\Scripts\python.exe worker.py B1OAI
Код возврата: 0
STDOUT: {"name": "B1OAI", "spot": ["MEXC"], "futures": []}

STDERR: 2025-08-21 18:13:06,523 - TradingViewParser - INFO - Инициализация парсера
2025-08-21 18:13:06,523 - TradingViewParser - INFO - Запуск Playwright
2025-08-21 18:13:09,136 - TradingViewParser - INFO - Браузер успешно запущен
2025-08-21 18:13:09,146 - TradingViewParser - INFO - Контекст браузера создан
2025-08-21 18:13:09,187 - TradingViewParser - INFO - Новая страница создана
2025-08-21 18:13:09,187 - TradingViewParser - INFO - Начало парсинга монеты: B1OAIUSDT
2025-08-21 18:13:09,187 - TradingVie

Запуск: C:\Users\Babos\PycharmProjects\project_cryptoK\.venv\Scripts\python.exe worker.py GMMT
Код возврата: 0
STDOUT: {"name": "GMMT", "spot": ["MEXC", "Poloniex", "Gate.io", "BitMart"], "futures": []}

STDERR: 2025-08-21 18:13:13,216 - TradingViewParser - INFO - Инициализация парсера
2025-08-21 18:13:13,217 - TradingViewParser - INFO - Запуск Playwright
2025-08-21 18:13:14,985 - TradingViewParser - INFO - Браузер успешно запущен
2025-08-21 18:13:14,993 - TradingViewParser - INFO - Контекст браузера создан
2025-08-21 18:13:15,023 - TradingViewParser - INFO - Новая страница создана
2025-08-21 18:13:15,023 - TradingViewParser - INFO - Начало парсинга монеты: GMMTUSDT
2025-08-21 18:13:15,023 - TradingView

Запуск: C:\Users\Babos\PycharmProjects\project_cryptoK\.venv\Scripts\python.exe worker.py UNITE
Код возврата: 0
STDOUT: {"name": "UNITE", "spot": ["Bitget", "MEXC", "KuCoin", "Gate.io", "KCEX"], "futures": ["MEXC", "WEEX", "KCEX"]}

STDERR: 2025-08-21 18:13:19,578 - TradingViewParser - INFO - Инициализация парсера
2025-08-21 18:13:19,579 - TradingViewParser - INFO - Запуск Playwright
2025-08-21 18:13:22,893 - TradingViewParser - INFO - Браузер успешно запущен
2025-08-21 18:13:22,904 - TradingViewParser - INFO - Контекст браузера создан
2025-08-21 18:13:22,940 - TradingViewParser - INFO - Новая страница создана
2025-08-21 18:13:22,940 - TradingViewParser - INFO - Начало парсинга монеты: UNITEUSDT
2025-08-21 18:13:22,940 - TradingVie
